build/app/intermediates/proguard-rules/release/aapt_rules.txt
# Referenced at full\release\AndroidManifest.xml:40
-keep class com.cloudwebrtc.flutterwebrtcdemo.MainActivity { <init>(...); }

# Referenced at full\release\AndroidManifest.xml:35
-keep class io.flutter.app.FlutterApplication { <init>(...); }