build/app/outputs/mapping/release/seeds.txt
com.cloudwebrtc.flutterwebrtcdemo.MainActivity
com.cloudwebrtc.flutterwebrtcdemo.MainActivity: MainActivity()
com.cloudwebrtc.flutterwebrtcdemo.R$attr: int alpha
com.cloudwebrtc.flutterwebrtcdemo.R$attr: int font
com.cloudwebrtc.flutterwebrtcdemo.R$attr: int fontProviderAuthority
com.cloudwebrtc.flutterwebrtcdemo.R$attr: int fontProviderCerts
com.cloudwebrtc.flutterwebrtcdemo.R$attr: int fontProviderFetchStrategy
com.cloudwebrtc.flutterwebrtcdemo.R$attr: int fontProviderFetchTimeout
com.cloudwebrtc.flutterwebrtcdemo.R$attr: int fontProviderPackage
com.cloudwebrtc.flutterwebrtcdemo.R$attr: int fontProviderQuery
com.cloudwebrtc.flutterwebrtcdemo.R$attr: int fontStyle
com.cloudwebrtc.flutterwebrtcdemo.R$attr: int fontVariationSettings
com.cloudwebrtc.flutterwebrtcdemo.R$attr: int fontWeight
com.cloudwebrtc.flutterwebrtcdemo.R$attr: int ttcIndex
com.cloudwebrtc.flutterwebrtcdemo.R$color: int notification_action_color_filter
com.cloudwebrtc.flutterwebrtcdemo.R$color: int notification_icon_bg_color
com.cloudwebrtc.flutterwebrtcdemo.R$color: int ripple_material_light
com.cloudwebrtc.flutterwebrtcdemo.R$color: int secondary_text_default_material_light
com.cloudwebrtc.flutterwebrtcdemo.R$dimen: int compat_button_inset_horizontal_material
com.cloudwebrtc.flutterwebrtcdemo.R$dimen: int compat_button_inset_vertical_material
com.cloudwebrtc.flutterwebrtcdemo.R$dimen: int compat_button_padding_horizontal_material
com.cloudwebrtc.flutterwebrtcdemo.R$dimen: int compat_button_padding_vertical_material
com.cloudwebrtc.flutterwebrtcdemo.R$dimen: int compat_control_corner_material
com.cloudwebrtc.flutterwebrtcdemo.R$dimen: int compat_notification_large_icon_max_height
com.cloudwebrtc.flutterwebrtcdemo.R$dimen: int compat_notification_large_icon_max_width
com.cloudwebrtc.flutterwebrtcdemo.R$dimen: int notification_action_icon_size
com.cloudwebrtc.flutterwebrtcdemo.R$dimen: int notification_action_text_size
com.cloudwebrtc.flutterwebrtcdemo.R$dimen: int notification_big_circle_margin
com.cloudwebrtc.flutterwebrtcdemo.R$dimen: int notification_content_margin_start
com.cloudwebrtc.flutterwebrtcdemo.R$dimen: int notification_large_icon_height
com.cloudwebrtc.flutterwebrtcdemo.R$dimen: int notification_large_icon_width
com.cloudwebrtc.flutterwebrtcdemo.R$dimen: int notification_main_column_padding_top
com.cloudwebrtc.flutterwebrtcdemo.R$dimen: int notification_media_narrow_margin
com.cloudwebrtc.flutterwebrtcdemo.R$dimen: int notification_right_icon_size
com.cloudwebrtc.flutterwebrtcdemo.R$dimen: int notification_right_side_padding_top
com.cloudwebrtc.flutterwebrtcdemo.R$dimen: int notification_small_icon_background_padding
com.cloudwebrtc.flutterwebrtcdemo.R$drawable: int launch_background
com.cloudwebrtc.flutterwebrtcdemo.R$drawable: int notification_action_background
com.cloudwebrtc.flutterwebrtcdemo.R$drawable: int notification_bg
com.cloudwebrtc.flutterwebrtcdemo.R$drawable: int notification_bg_low
com.cloudwebrtc.flutterwebrtcdemo.R$drawable: int notification_bg_low_normal
com.cloudwebrtc.flutterwebrtcdemo.R$drawable: int notification_bg_low_pressed
com.cloudwebrtc.flutterwebrtcdemo.R$drawable: int notification_bg_normal
com.cloudwebrtc.flutterwebrtcdemo.R$drawable: int notification_bg_normal_pressed
com.cloudwebrtc.flutterwebrtcdemo.R$drawable: int notification_icon_background
com.cloudwebrtc.flutterwebrtcdemo.R$drawable: int notification_template_icon_bg
com.cloudwebrtc.flutterwebrtcdemo.R$drawable: int notification_template_icon_low_bg
com.cloudwebrtc.flutterwebrtcdemo.R$drawable: int notification_tile_bg
com.cloudwebrtc.flutterwebrtcdemo.R$drawable: int notify_panel_notification_icon_bg
...
org.webrtc.RTCStats
org.webrtc.RTCStats: long timestampUs
org.webrtc.RTCStats: java.lang.String type
org.webrtc.RTCStats: java.lang.String id
org.webrtc.RTCStats: java.util.Map members
org.webrtc.RTCStats: RTCStats(long,java.lang.String,java.lang.String,java.util.Map)
org.webrtc.RTCStats: double getTimestampUs()
org.webrtc.RTCStats: java.lang.String getType()
org.webrtc.RTCStats: java.lang.String getId()
org.webrtc.RTCStats: java.util.Map getMembers()
org.webrtc.RTCStats: java.lang.String toString()
org.webrtc.RTCStats: void appendValue(java.lang.StringBuilder,java.lang.Object)
org.webrtc.RTCStats: org.webrtc.RTCStats create(long,java.lang.String,java.lang.String,java.util.Map)
org.webrtc.RTCStatsCollectorCallback
org.webrtc.RTCStatsCollectorCallback: void onStatsDelivered(org.webrtc.RTCStatsReport)
org.webrtc.RTCStatsReport
org.webrtc.RTCStatsReport: long timestampUs
org.webrtc.RTCStatsReport: java.util.Map stats
org.webrtc.RTCStatsReport: RTCStatsReport(long,java.util.Map)
org.webrtc.RTCStatsReport: double getTimestampUs()
org.webrtc.RTCStatsReport: java.util.Map getStatsMap()
org.webrtc.RTCStatsReport: java.lang.String toString()
org.webrtc.RTCStatsReport: org.webrtc.RTCStatsReport create(long,java.util.Map)
org.webrtc.RefCountDelegate
org.webrtc.RefCountDelegate: java.util.concurrent.atomic.AtomicInteger refCount
org.webrtc.RefCountDelegate: java.lang.Runnable releaseCallback
org.webrtc.RefCountDelegate: RefCountDelegate(java.lang.Runnable)
org.webrtc.RefCountDelegate: void retain()
org.webrtc.RefCountDelegate: void release()
org.webrtc.RefCounted
org.webrtc.RefCounted: void retain()
org.webrtc.RefCounted: void release()
org.webrtc.RendererCommon
org.webrtc.RendererCommon: float BALANCED_VISIBLE_FRACTION
org.webrtc.RendererCommon: RendererCommon()
org.webrtc.RendererCommon: float[] getLayoutMatrix(boolean,float,float)
org.webrtc.RendererCommon: android.graphics.Matrix convertMatrixToAndroidGraphicsMatrix(float[])
org.webrtc.RendererCommon: float[] convertMatrixFromAndroidGraphicsMatrix(android.graphics.Matrix)
org.webrtc.RendererCommon: android.graphics.Point getDisplaySize(org.webrtc.RendererCommon$ScalingType,float,int,int)
org.webrtc.RendererCommon: void adjustOrigin(float[])
org.webrtc.RendererCommon: float convertScalingTypeToVisibleFraction(org.webrtc.RendererCommon$ScalingType)
org.webrtc.RendererCommon: android.graphics.Point getDisplaySize(float,float,int,int)
org.webrtc.RendererCommon: float access$000(org.webrtc.RendererCommon$ScalingType)
org.webrtc.RendererCommon: void <clinit>()
org.webrtc.RendererCommon$1
org.webrtc.RendererCommon$1: int[] $SwitchMap$org$webrtc$RendererCommon$ScalingType
org.webrtc.RendererCommon$1: void <clinit>()
org.webrtc.RendererCommon$GlDrawer
org.webrtc.RendererCommon$GlDrawer: void drawOes(int,float[],int,int,int,int,int,int)
org.webrtc.RendererCommon$GlDrawer: void drawRgb(int,float[],int,int,int,int,int,int)
org.webrtc.RendererCommon$GlDrawer: void drawYuv(int[],float[],int,int,int,int,int,int)
org.webrtc.RendererCommon$GlDrawer: void release()
org.webrtc.RendererCommon$RendererEvents
org.webrtc.RendererCommon$RendererEvents: void onFirstFrameRendered()
org.webrtc.RendererCommon$RendererEvents: void onFrameResolutionChanged(int,int,int)
org.webrtc.RendererCommon$ScalingType
org.webrtc.RendererCommon$ScalingType: org.webrtc.RendererCommon$ScalingType SCALE_ASPECT_FIT
org.webrtc.RendererCommon$ScalingType: org.webrtc.RendererCommon$ScalingType SCALE_ASPECT_FILL
org.webrtc.RendererCommon$ScalingType: org.webrtc.RendererCommon$ScalingType SCALE_ASPECT_BALANCED
org.webrtc.RendererCommon$ScalingType: org.webrtc.RendererCommon$ScalingType[] $VALUES
org.webrtc.RendererCommon$ScalingType: org.webrtc.RendererCommon$ScalingType[] values()
org.webrtc.RendererCommon$ScalingType: org.webrtc.RendererCommon$ScalingType valueOf(java.lang.String)
org.webrtc.RendererCommon$ScalingType: RendererCommon$ScalingType(java.lang.String,int)
org.webrtc.RendererCommon$ScalingType: void <clinit>()