build/app/outputs/mapping/release/mapping.txt
com.cloudwebrtc.flutterwebrtcdemo.MainActivity -> com.cloudwebrtc.flutterwebrtcdemo.MainActivity:
    void <init>() -> <init>
    void onCreate(android.os.Bundle) -> onCreate
...
org.webrtc.EglBase10Impl$Context -> org.webrtc.EglBase10Impl$Context:
    javax.microedition.khronos.egl.EGLContext eglContext -> eglContext
    javax.microedition.khronos.egl.EGLContext getRawContext() -> getRawContext
    long getNativeEglContext() -> getNativeEglContext
    void <init>(javax.microedition.khronos.egl.EGLContext) -> <init>
org.webrtc.EglBase14 -> org.webrtc.EglBase14:
org.webrtc.EglBase14$Context -> org.webrtc.EglBase14$Context:
    android.opengl.EGLContext getRawContext() -> getRawContext
org.webrtc.EglBase14Impl -> org.webrtc.EglBase14Impl:
    java.lang.String TAG -> TAG
    int EGLExt_SDK_VERSION -> EGLExt_SDK_VERSION
    int CURRENT_SDK_VERSION -> CURRENT_SDK_VERSION
    android.opengl.EGLContext eglContext -> eglContext
    android.opengl.EGLConfig eglConfig -> eglConfig
    android.opengl.EGLDisplay eglDisplay -> eglDisplay
    android.opengl.EGLSurface eglSurface -> eglSurface
    boolean isEGL14Supported() -> isEGL14Supported
    void <init>(android.opengl.EGLContext,int[]) -> <init>
    void createSurface(android.view.Surface) -> createSurface
    void createSurface(android.graphics.SurfaceTexture) -> createSurface
    void createSurfaceInternal(java.lang.Object) -> createSurfaceInternal
    void createDummyPbufferSurface() -> createDummyPbufferSurface
    void createPbufferSurface(int,int) -> createPbufferSurface
    org.webrtc.EglBase14Impl$Context getEglBaseContext() -> getEglBaseContext
    boolean hasSurface() -> hasSurface
    int surfaceWidth() -> surfaceWidth
    int surfaceHeight() -> surfaceHeight
    void releaseSurface() -> releaseSurface
    void checkIsNotReleased() -> checkIsNotReleased
    void release() -> release
    void makeCurrent() -> makeCurrent
    void detachCurrent() -> detachCurrent
    void swapBuffers() -> swapBuffers
    void swapBuffers(long) -> swapBuffers
    android.opengl.EGLDisplay getEglDisplay() -> getEglDisplay
    android.opengl.EGLConfig getEglConfig(android.opengl.EGLDisplay,int[]) -> getEglConfig
org.webrtc.EglBase14Impl$Context -> org.webrtc.EglBase14Impl$Context:
    android.opengl.EGLContext egl14Context -> egl14Context
    android.opengl.EGLContext getRawContext() -> getRawContext
    long getNativeEglContext() -> getNativeEglContext
    void <init>(android.opengl.EGLContext) -> <init>
org.webrtc.EglRenderer -> org.webrtc.EglRenderer:
    java.lang.String TAG -> TAG
    long LOG_INTERVAL_SEC -> LOG_INTERVAL_SEC
    java.lang.String name -> name
    java.lang.Object handlerLock -> handlerLock
    android.os.Handler renderThreadHandler -> renderThreadHandler
    java.util.ArrayList frameListeners -> frameListeners
    org.webrtc.EglRenderer$ErrorCallback errorCallback -> errorCallback
    java.lang.Object fpsReductionLock -> fpsReductionLock
    long nextFrameTimeNs -> nextFrameTimeNs
    long minRenderPeriodNs -> minRenderPeriodNs
    org.webrtc.EglBase eglBase -> eglBase
    org.webrtc.VideoFrameDrawer frameDrawer -> frameDrawer
    org.webrtc.RendererCommon$GlDrawer drawer -> drawer
    boolean usePresentationTimeStamp -> usePresentationTimeStamp
    android.graphics.Matrix drawMatrix -> drawMatrix
    java.lang.Object frameLock -> frameLock
    org.webrtc.VideoFrame pendingFrame -> pendingFrame
    java.lang.Object layoutLock -> layoutLock
    float layoutAspectRatio -> layoutAspectRatio
    boolean mirrorHorizontally -> mirrorHorizontally
    boolean mirrorVertically -> mirrorVertically
    java.lang.Object statisticsLock -> statisticsLock
    int framesReceived -> framesReceived
    int framesDropped -> framesDropped
    int framesRendered -> framesRendered
    long statisticsStartTimeNs -> statisticsStartTimeNs
    long renderTimeNs -> renderTimeNs
    long renderSwapBufferTimeNs -> renderSwapBufferTimeNs