build/app/outputs/mapping/release/usage.txt
com.cloudwebrtc.flutterwebrtcdemo.BuildConfig
com.cloudwebrtc.flutterwebrtcdemo.R
com.cloudwebrtc.flutterwebrtcdemo.R$attr
com.cloudwebrtc.flutterwebrtcdemo.R$color
com.cloudwebrtc.flutterwebrtcdemo.R$dimen
com.cloudwebrtc.flutterwebrtcdemo.R$drawable
com.cloudwebrtc.flutterwebrtcdemo.R$id
com.cloudwebrtc.flutterwebrtcdemo.R$integer
com.cloudwebrtc.flutterwebrtcdemo.R$layout
com.cloudwebrtc.flutterwebrtcdemo.R$mipmap
com.cloudwebrtc.flutterwebrtcdemo.R$string
com.cloudwebrtc.flutterwebrtcdemo.R$style
com.cloudwebrtc.flutterwebrtcdemo.R$styleable
...
io.flutter.embedding.engine.systemchannels.SettingsChannel:
    private static final java.lang.String TAG
    public static final java.lang.String CHANNEL_NAME
    private static final java.lang.String TEXT_SCALE_FACTOR
    private static final java.lang.String ALWAYS_USE_24_HOUR_FORMAT
    private static final java.lang.String PLATFORM_BRIGHTNESS
io.flutter.embedding.engine.systemchannels.SystemChannel:
    private static final java.lang.String TAG
io.flutter.embedding.engine.systemchannels.TextInputChannel:
    private static final java.lang.String TAG
    38:38:static synthetic io.flutter.embedding.engine.systemchannels.TextInputChannel$TextInputMethodHandler access$000(io.flutter.embedding.engine.systemchannels.TextInputChannel)
io.flutter.embedding.engine.systemchannels.TextInputChannel$1:
    48:141:public void onMethodCall(io.flutter.plugin.common.MethodCall,io.flutter.plugin.common.MethodChannel$Result)
io.flutter.embedding.engine.systemchannels.TextInputChannel$Configuration:
    public final io.flutter.embedding.engine.systemchannels.TextInputChannel$Configuration[] fields
    398:419:public static io.flutter.embedding.engine.systemchannels.TextInputChannel$Configuration fromJson(org.json.JSONObject)
    425:446:private static java.lang.Integer inputActionFromTextInputAction(java.lang.String)
    580:590:public TextInputChannel$Configuration(boolean,boolean,boolean,io.flutter.embedding.engine.systemchannels.TextInputChannel$TextCapitalization,io.flutter.embedding.engine.systemchannels.TextInputChannel$InputType,java.lang.Integer,java.lang.String,io.flutter.embedding.engine.systemchannels.TextInputChannel$Configuration$Autofill,io.flutter.embedding.engine.systemchannels.TextInputChannel$Configuration[])
io.flutter.embedding.engine.systemchannels.TextInputChannel$Configuration$Autofill:
    453:461:public static io.flutter.embedding.engine.systemchannels.TextInputChannel$Configuration$Autofill fromJson(org.json.JSONObject)
    470:547:private static java.lang.String translateAutofillHint(java.lang.String)
    554:558:public TextInputChannel$Configuration$Autofill(java.lang.String,java.lang.String[],io.flutter.embedding.engine.systemchannels.TextInputChannel$TextEditState)
io.flutter.embedding.engine.systemchannels.TextInputChannel$InputType:
    603:606:public static io.flutter.embedding.engine.systemchannels.TextInputChannel$InputType fromJson(org.json.JSONObject)
    613:617:public TextInputChannel$InputType(io.flutter.embedding.engine.systemchannels.TextInputChannel$TextInputType,boolean,boolean)
io.flutter.embedding.engine.systemchannels.TextInputChannel$TextCapitalization:
    657:662:static io.flutter.embedding.engine.systemchannels.TextInputChannel$TextCapitalization fromValue(java.lang.String)
io.flutter.embedding.engine.systemchannels.TextInputChannel$TextEditState:
    675:678:public static io.flutter.embedding.engine.systemchannels.TextInputChannel$TextEditState fromJson(org.json.JSONObject)
io.flutter.embedding.engine.systemchannels.TextInputChannel$TextInputMethodHandler:
    public abstract void show()
    public abstract void hide()
    public abstract void requestAutofill()
    public abstract void finishAutofillContext(boolean)
    public abstract void setClient(int,io.flutter.embedding.engine.systemchannels.TextInputChannel$Configuration)
    public abstract void setPlatformViewClient(int)
    public abstract void setEditableSizeAndTransform(double,double,double[])
    public abstract void setEditingState(io.flutter.embedding.engine.systemchannels.TextInputChannel$TextEditState)
    public abstract void clearClient()
    public abstract void sendAppPrivateCommand(java.lang.String,android.os.Bundle)
io.flutter.embedding.engine.systemchannels.TextInputChannel$TextInputType:
    634:639:static io.flutter.embedding.engine.systemchannels.TextInputChannel$TextInputType fromValue(java.lang.String)